AlarmMedicV13/app/build/intermediates/manifest_merge_blame_file/debug/manifest-merger-blame-debug-report.txt
1<?xml version="1.0" encoding="utf-8"?>
2<manifest xmlns:android="http://schemas.android.com/apk/res/android"
3    package="com.example.leunglokyin03a"
4    android:versionCode="1"
5    android:versionName="1.0" >
6
7    <uses-sdk
8        android:minSdkVersion="24"
8-->src/main/AndroidManifest.xml
9        android:targetSdkVersion="30" />
9-->src/main/AndroidManifest.xml
10
11    <uses-permission android:name="android.permission.RECEIVE_BOOT_COMPLETED" />
11-->src/main/AndroidManifest.xml:4:5-80
11-->src/main/AndroidManifest.xml:4:22-78
12    <uses-permission android:name="android.permission.ACCESS_FINE_LOCATION" />
12-->src/main/AndroidManifest.xml:5:5-78
12-->src/main/AndroidManifest.xml:5:22-76
13    <uses-permission android:name="android.permission.ACCESS_COARSE_LOCATION" />
13-->src/main/AndroidManifest.xml:6:5-81
13-->src/main/AndroidManifest.xml:6:22-78
14    <uses-permission android:name="android.permission.SEND_SMS" />
14-->src/main/AndroidManifest.xml:7:5-67
14-->src/main/AndroidManifest.xml:7:22-64
15    <uses-permission android:name="android.permission.ACTIVITY_RECOGNITION" />
15-->src/main/AndroidManifest.xml:8:5-78
15-->src/main/AndroidManifest.xml:8:22-76
16    <uses-permission android:name="android.permission.INTERNET" />
16-->src/main/AndroidManifest.xml:9:5-67
16-->src/main/AndroidManifest.xml:9:22-64
17
18    <!-- Although the *SdkVersion is captured in gradle build files, this is required for non gradle builds -->
19    <!-- <uses-sdk android:minSdkVersion="14"/> -->
20    <uses-permission android:name="android.permission.ACCESS_NETWORK_STATE" />
20-->[com.google.firebase:firebase-database:20.0.0] AndroidManifest.xml:25:5-79
20-->[com.google.firebase:firebase-database:20.0.0] AndroidManifest.xml:25:22-76
21
22    <application
22-->src/main/AndroidManifest.xml:10:5-36:19
23        android:allowBackup="true"
23-->src/main/AndroidManifest.xml:12:9-35
24        android:appComponentFactory="androidx.core.app.CoreComponentFactory"
24-->[androidx.core:core:1.5.0] AndroidManifest.xml:24:18-86
25        android:debuggable="true"
26        android:extractNativeLibs="false"
27        android:icon="@mipmap/ic_launcher"
27-->src/main/AndroidManifest.xml:13:9-43
28        android:label="Alarm Medic"
28-->src/main/AndroidManifest.xml:14:9-36
29        android:roundIcon="@mipmap/ic_launcher_round"
29-->src/main/AndroidManifest.xml:15:9-54
30        android:supportsRtl="true"
30-->src/main/AndroidManifest.xml:16:9-35
31        android:testOnly="true"
32        android:theme="@style/Theme.LeungLokYin03A" >
32-->src/main/AndroidManifest.xml:17:9-52
33        <activity android:name="com.example.leunglokyin03a.chat" />
33-->src/main/AndroidManifest.xml:18:9-41
33-->src/main/AndroidManifest.xml:18:19-39
34        <activity android:name="com.example.leunglokyin03a.Chat_room" />
34-->src/main/AndroidManifest.xml:19:9-46
34-->src/main/AndroidManifest.xml:19:19-44
35        <activity android:name="com.example.leunglokyin03a.stepcounter" />
35-->src/main/AndroidManifest.xml:20:9-48
35-->src/main/AndroidManifest.xml:20:19-46
36        <activity android:name="com.example.leunglokyin03a.Emergencycall" />
36-->src/main/AndroidManifest.xml:21:9-50
36-->src/main/AndroidManifest.xml:21:19-48
37        <activity android:name="com.example.leunglokyin03a.MainActivity" />
37-->src/main/AndroidManifest.xml:22:9-50
37-->src/main/AndroidManifest.xml:22:19-47
38        <activity android:name="com.example.leunglokyin03a.takephoto" />
38-->src/main/AndroidManifest.xml:23:9-47
38-->src/main/AndroidManifest.xml:23:19-44
39        <activity android:name="com.example.leunglokyin03a.photolist" />
39-->src/main/AndroidManifest.xml:24:9-47
39-->src/main/AndroidManifest.xml:24:19-44
40        <activity android:name="com.example.leunglokyin03a.changeRecord" />
40-->src/main/AndroidManifest.xml:25:9-50
40-->src/main/AndroidManifest.xml:25:19-47
41        <activity android:name="com.example.leunglokyin03a.form" />
41-->src/main/AndroidManifest.xml:26:9-42
41-->src/main/AndroidManifest.xml:26:19-39
42        <activity android:name="com.example.leunglokyin03a.menu" />
42-->src/main/AndroidManifest.xml:27:9-41
42-->src/main/AndroidManifest.xml:27:19-39
43        <activity android:name="com.example.leunglokyin03a.Preference" />
43-->src/main/AndroidManifest.xml:28:9-47
43-->src/main/AndroidManifest.xml:28:19-45
44        <activity android:name="com.example.leunglokyin03a.FirstPage" >
44-->src/main/AndroidManifest.xml:29:9-34:20
44-->src/main/AndroidManifest.xml:29:19-44
45            <intent-filter>
45-->src/main/AndroidManifest.xml:30:13-33:29
46                <action android:name="android.intent.action.MAIN" />
46-->src/main/AndroidManifest.xml:31:17-69
46-->src/main/AndroidManifest.xml:31:25-66
47
48                <category android:name="android.intent.category.LAUNCHER" />
48-->src/main/AndroidManifest.xml:32:17-77
48-->src/main/AndroidManifest.xml:32:27-74
49            </intent-filter>
50        </activity>
51
52        <receiver android:name="com.example.leunglokyin03a.AlertReceiver" />
52-->src/main/AndroidManifest.xml:35:9-50
52-->src/main/AndroidManifest.xml:35:19-48
53
54        <service
54-->[com.google.firebase:firebase-database:20.0.0] AndroidManifest.xml:29:9-35:19
55            android:name="com.google.firebase.components.ComponentDiscoveryService"
55-->[com.google.firebase:firebase-database:20.0.0] AndroidManifest.xml:30:13-84
56            android:directBootAware="true"
56-->[com.google.firebase:firebase-common:20.0.0] AndroidManifest.xml:35:13-43
57            android:exported="false" >
57-->[com.google.firebase:firebase-database:20.0.0] AndroidManifest.xml:31:13-37
58            <meta-data
58-->[com.google.firebase:firebase-database:20.0.0] AndroidManifest.xml:32:13-34:85
59                android:name="com.google.firebase.components:com.google.firebase.database.DatabaseRegistrar"
59-->[com.google.firebase:firebase-database:20.0.0] AndroidManifest.xml:33:17-109
60                android:value="com.google.firebase.components.ComponentRegistrar" />
60-->[com.google.firebase:firebase-database:20.0.0] AndroidManifest.xml:34:17-82
61        </service>
62
63        <provider
63-->[com.google.firebase:firebase-common:20.0.0] AndroidManifest.xml:26:9-31:39
64            android:name="com.google.firebase.provider.FirebaseInitProvider"
64-->[com.google.firebase:firebase-common:20.0.0] AndroidManifest.xml:27:13-77
65            android:authorities="com.example.leunglokyin03a.firebaseinitprovider"
65-->[com.google.firebase:firebase-common:20.0.0] AndroidManifest.xml:28:13-72
66            android:directBootAware="true"
66-->[com.google.firebase:firebase-common:20.0.0] AndroidManifest.xml:29:13-43
67            android:exported="false"
67-->[com.google.firebase:firebase-common:20.0.0] AndroidManifest.xml:30:13-37
68            android:initOrder="100" />
68-->[com.google.firebase:firebase-common:20.0.0] AndroidManifest.xml:31:13-36
69
70        <activity
70-->[com.google.android.gms:play-services-base:17.1.0] AndroidManifest.xml:23:9-26:75
71            android:name="com.google.android.gms.common.api.GoogleApiActivity"
71-->[com.google.android.gms:play-services-base:17.1.0] AndroidManifest.xml:24:13-79
72            android:exported="false"
72-->[com.google.android.gms:play-services-base:17.1.0] AndroidManifest.xml:25:13-37
73            android:theme="@android:style/Theme.Translucent.NoTitleBar" />
73-->[com.google.android.gms:play-services-base:17.1.0] AndroidManifest.xml:26:13-72
74
75        <meta-data
75-->[com.google.android.gms:play-services-basement:17.0.0] AndroidManifest.xml:23:9-25:69
76            android:name="com.google.android.gms.version"
76-->[com.google.android.gms:play-services-basement:17.0.0] AndroidManifest.xml:24:13-58
77            android:value="@integer/google_play_services_version" />
77-->[com.google.android.gms:play-services-basement:17.0.0] AndroidManifest.xml:25:13-66
78    </application>
79
80</manifest>